<?xml version="1.0" encoding="UTF-8"?>
<testsuite xmlns:xsi="http://www.w3.org/2001/XMLSchema-instance" xsi:noNamespaceSchemaLocation="https://maven.apache.org/surefire/maven-surefire-plugin/xsd/surefire-test-report-3.0.xsd" version="3.0" name="com.example.taskmanager.integration.TaskIntegrationTest" time="7.705" tests="1" errors="0" skipped="0" failures="0">
  <properties>
[...]
</properties>
  <testcase name="auth_and_taskFilters_work" classname="com.example.taskmanager.integration.TaskIntegrationTest" time="0.914">
    <system-out><![CDATA[23:42:35.414 [main] INFO org.springframework.test.context.support.AnnotationConfigContextLoaderUtils -- Could not detect default configuration classes for test class [com.example.taskmanager.integration.TaskIntegrationTest]: TaskIntegrationTest does not declare any static, non-private, non-final, nested classes annotated with @Configuration.
23:42:35.544 [main] INFO org.springframework.boot.test.context.SpringBootTestContextBootstrapper -- Found @SpringBootConfiguration com.example.taskmanager.TaskManagerApplication for test class com.example.taskmanager.integration.TaskIntegrationTest

  .   ____          _            __ _ _
 /\\ / ___'_ __ _ _(_)_ __  __ _ \ \ \ \
( ( )\___ | '_ | '_| | '_ \/ _` | \ \ \ \
 \\/  ___)| |_)| | | | | || (_| |  ) ) ) )
  '  |____| .__|_| |_|_| |_\__, | / / / /
 =========|_|==============|___/=/_/_/_/
 :: Spring Boot ::                (v3.2.0)

2026-07-04T23:42:36.001+03:00  INFO 52344 --- [Task Flow] [           main] c.e.t.integration.TaskIntegrationTest    : Starting TaskIntegrationTest using Java 23.0.2 with PID 52344 (started by hayaa in C:\Users\hayaa\source\repos\DS PROJECT 1.2 new\Task1-)
2026-07-04T23:42:36.003+03:00  INFO 52344 --- [Task Flow] [           main] c.e.t.integration.TaskIntegrationTest    : No active profile set, falling back to 1 default profile: "default"
2026-07-04T23:42:36.872+03:00  INFO 52344 --- [Task Flow] [           main] .s.d.r.c.RepositoryConfigurationDelegate : Bootstrapping Spring Data JPA repositories in DEFAULT mode.
2026-07-04T23:42:36.959+03:00  INFO 52344 --- [Task Flow] [           main] .s.d.r.c.RepositoryConfigurationDelegate : Finished Spring Data repository scanning in 75 ms. Found 5 JPA repository interfaces.
2026-07-04T23:42:37.878+03:00  INFO 52344 --- [Task Flow] [           main] o.s.b.w.embedded.tomcat.TomcatWebServer  : Tomcat initialized with port 0 (http)
2026-07-04T23:42:37.906+03:00  INFO 52344 --- [Task Flow] [           main] o.apache.catalina.core.StandardService   : Starting service [Tomcat]
2026-07-04T23:42:37.907+03:00  INFO 52344 --- [Task Flow] [           main] o.apache.catalina.core.StandardEngine    : Starting Servlet engine: [Apache Tomcat/10.1.16]
2026-07-04T23:42:37.981+03:00  INFO 52344 --- [Task Flow] [           main] o.a.c.c.C.[Tomcat].[localhost].[/]       : Initializing Spring embedded WebApplicationContext
2026-07-04T23:42:37.982+03:00  INFO 52344 --- [Task Flow] [           main] w.s.c.ServletWebServerApplicationContext : Root WebApplicationContext: initialization completed in 1955 ms
2026-07-04T23:42:38.023+03:00  INFO 52344 --- [Task Flow] [           main] com.zaxxer.hikari.HikariDataSource       : HikariPool-1 - Starting...
2026-07-04T23:42:38.254+03:00  INFO 52344 --- [Task Flow] [           main] com.zaxxer.hikari.pool.HikariPool        : HikariPool-1 - Added connection conn0: url=jdbc:h2:mem:taskdb user=SA
2026-07-04T23:42:38.256+03:00  INFO 52344 --- [Task Flow] [           main] com.zaxxer.hikari.HikariDataSource       : HikariPool-1 - Start completed.
2026-07-04T23:42:38.272+03:00  INFO 52344 --- [Task Flow] [           main] o.s.b.a.h2.H2ConsoleAutoConfiguration    : H2 console available at '/h2-console'. Database available at 'jdbc:h2:mem:taskdb'
2026-07-04T23:42:38.465+03:00  INFO 52344 --- [Task Flow] [           main] o.hibernate.jpa.internal.util.LogHelper  : HHH000204: Processing PersistenceUnitInfo [name: default]
2026-07-04T23:42:38.590+03:00  INFO 52344 --- [Task Flow] [           main] org.hibernate.Version                    : HHH000412: Hibernate ORM core version 6.3.1.Final
2026-07-04T23:42:38.645+03:00  INFO 52344 --- [Task Flow] [           main] o.h.c.internal.RegionFactoryInitiator    : HHH000026: Second-level cache disabled
2026-07-04T23:42:38.943+03:00  INFO 52344 --- [Task Flow] [           main] o.s.o.j.p.SpringPersistenceUnitInfo      : No LoadTimeWeaver setup: ignoring JPA class transformer
2026-07-04T23:42:39.002+03:00  WARN 52344 --- [Task Flow] [           main] org.hibernate.orm.deprecation            : HHH90000025: H2Dialect does not need to be specified explicitly using 'hibernate.dialect' (remove the property setting and it will be selected by default)
2026-07-04T23:42:40.130+03:00  INFO 52344 --- [Task Flow] [           main] o.h.e.t.j.p.i.JtaPlatformInitiator       : HHH000489: No JTA platform available (set 'hibernate.transaction.jta.platform' to enable JTA platform integration)
Hibernate: 
    drop table if exists comments cascade 
Hibernate: 
    drop table if exists labels cascade 
Hibernate: 
    drop table if exists projects cascade 
Hibernate: 
    drop table if exists task_labels cascade 
Hibernate: 
    drop table if exists tasks cascade 
Hibernate: 
    drop table if exists users cascade 
Hibernate: 
    create table comments (
        author_id bigint not null,
        created_at timestamp(6) not null,
        id bigint generated by default as identity,
        task_id bigint not null,
        body TEXT not null,
        primary key (id)
    )
Hibernate: 
    create table labels (
        id bigint generated by default as identity,
        color varchar(255) not null,
        name varchar(255) not null unique,
        primary key (id)
    )
Hibernate: 
    create table projects (
        created_at timestamp(6) not null,
        id bigint generated by default as identity,
        updated_at timestamp(6) not null,
        description TEXT,
        name varchar(255) not null,
        project_key varchar(255) not null unique,
        primary key (id)
    )
Hibernate: 
    create table task_labels (
        label_id bigint not null,
        task_id bigint not null,
        primary key (label_id, task_id)
    )
Hibernate: 
    create table tasks (
        due_date date,
        overdue boolean not null,
        assignee_id bigint,
        created_at timestamp(6) not null,
        id bigint generated by default as identity,
        project_id bigint not null,
        reporter_id bigint not null,
        updated_at timestamp(6) not null,
        description TEXT,
        priority varchar(255) not null check (priority in ('LOW','MEDIUM','HIGH','URGENT')),
        status varchar(255) not null check (status in ('TODO','IN_PROGRESS','IN_REVIEW','DONE')),
        title varchar(255) not null,
        primary key (id)
    )
Hibernate: 
    create table users (
        created_at timestamp(6) not null,
        id bigint generated by default as identity,
        email varchar(255) not null unique,
        full_name varchar(255) not null,
        password varchar(255) not null,
        role varchar(255) not null check (role in ('ADMIN','MEMBER')),
        primary key (id)
    )
Hibernate: 
    alter table if exists comments 
       add constraint FKn2na60ukhs76ibtpt9burkm27 
       foreign key (author_id) 
       references users
Hibernate: 
    alter table if exists comments 
       add constraint FKi7pp0331nbiwd2844kg78kfwb 
       foreign key (task_id) 
       references tasks
Hibernate: 
    alter table if exists task_labels 
       add constraint FKlr49cbsj797rym78wepiid0sh 
       foreign key (label_id) 
       references labels
Hibernate: 
    alter table if exists task_labels 
       add constraint FK7wi3dfqb8gx9kiysuy980sbus 
       foreign key (task_id) 
       references tasks
Hibernate: 
    alter table if exists tasks 
       add constraint FKekr1dgiqktpyoip3qmp6lxsit 
       foreign key (assignee_id) 
       references users
Hibernate: 
    alter table if exists tasks 
       add constraint FKsfhn82y57i3k9uxww1s007acc 
       foreign key (project_id) 
       references projects
Hibernate: 
    alter table if exists tasks 
       add constraint FKbvjdsa9y725wovwlq4sjhodyk 
       foreign key (reporter_id) 
       references users
2026-07-04T23:42:40.203+03:00  INFO 52344 --- [Task Flow] [           main] j.LocalContainerEntityManagerFactoryBean : Initialized JPA EntityManagerFactory for persistence unit 'default'
2026-07-04T23:42:40.813+03:00  WARN 52344 --- [Task Flow] [           main] JpaBaseConfiguration$JpaWebConfiguration : spring.jpa.open-in-view is enabled by default. Therefore, database queries may be performed during view rendering. Explicitly configure spring.jpa.open-in-view to disable this warning
2026-07-04T23:42:40.848+03:00  WARN 52344 --- [Task Flow] [           main] .s.s.UserDetailsServiceAutoConfiguration : 

Using generated security password: 0aef0e55-53ff-4529-ae7e-459abf1d6055

This generated password is for development use only. Your security configuration must be updated before running your application in production.

2026-07-04T23:42:40.995+03:00  INFO 52344 --- [Task Flow] [           main] o.s.b.a.w.s.WelcomePageHandlerMapping    : Adding welcome page: class path resource [static/index.html]
2026-07-04T23:42:41.236+03:00  INFO 52344 --- [Task Flow] [           main] o.s.s.web.DefaultSecurityFilterChain     : Will secure any request with [org.springframework.security.web.session.DisableEncodeUrlFilter@6fc84468, org.springframework.security.web.context.request.async.WebAsyncManagerIntegrationFilter@2f6ede9, org.springframework.security.web.context.SecurityContextHolderFilter@69d6fe75, org.springframework.security.web.header.HeaderWriterFilter@a94c8e3, org.springframework.web.filter.CorsFilter@4583a186, org.springframework.security.web.authentication.logout.LogoutFilter@78762e87, com.example.taskmanager.security.JwtAuthenticationFilter@55854382, org.springframework.security.web.savedrequest.RequestCacheAwareFilter@3fe7c87c, org.springframework.security.web.servletapi.SecurityContextHolderAwareRequestFilter@5c04685, org.springframework.security.web.authentication.AnonymousAuthenticationFilter@7843b65e, org.springframework.security.web.session.SessionManagementFilter@318ca53a, org.springframework.security.web.access.ExceptionTranslationFilter@335cbcbd, org.springframework.security.web.access.intercept.AuthorizationFilter@112f8f8f]
2026-07-04T23:42:41.582+03:00  INFO 52344 --- [Task Flow] [           main] o.s.b.w.embedded.tomcat.TomcatWebServer  : Tomcat started on port 53895 (http) with context path ''
2026-07-04T23:42:41.596+03:00  INFO 52344 --- [Task Flow] [           main] c.e.t.integration.TaskIntegrationTest    : Started TaskIntegrationTest in 5.912 seconds (process running for 6.969)
Hibernate: 
    select
        u1_0.id 
    from
        users u1_0 
    where
        u1_0.email=? 
    fetch
        first ? rows only
Hibernate: 
    insert 
    into
        users
        (created_at, email, full_name, password, role, id) 
    values
        (?, ?, ?, ?, ?, default)
Hibernate: 
    select
        u1_0.id 
    from
        users u1_0 
    where
        u1_0.email=? 
    fetch
        first ? rows only
Hibernate: 
    insert 
    into
        users
        (created_at, email, full_name, password, role, id) 
    values
        (?, ?, ?, ?, ?, default)
2026-07-04T23:42:42.557+03:00  INFO 52344 --- [Task Flow] [o-auto-1-exec-1] o.a.c.c.C.[Tomcat].[localhost].[/]       : Initializing Spring DispatcherServlet 'dispatcherServlet'
2026-07-04T23:42:42.557+03:00  INFO 52344 --- [Task Flow] [o-auto-1-exec-1] o.s.web.servlet.DispatcherServlet        : Initializing Servlet 'dispatcherServlet'
2026-07-04T23:42:42.558+03:00  INFO 52344 --- [Task Flow] [o-auto-1-exec-1] o.s.web.servlet.DispatcherServlet        : Completed initialization in 0 ms
2026-07-04T23:42:42.571+03:00  WARN 52344 --- [Task Flow] [o-auto-1-exec-1] o.s.w.s.h.HandlerMappingIntrospector     : Cache miss for REQUEST dispatch to '/api/tasks' (previous null). Performing CorsConfiguration lookup. This is logged once only at WARN level, and every time at TRACE.
2026-07-04T23:42:42.581+03:00  WARN 52344 --- [Task Flow] [o-auto-1-exec-1] o.s.w.s.h.HandlerMappingIntrospector     : Cache miss for REQUEST dispatch to '/api/tasks' (previous null). Performing MatchableHandlerMapping lookup. This is logged once only at WARN level, and every time at TRACE.
Hibernate: 
    select
        u1_0.id,
        u1_0.created_at,
        u1_0.email,
        u1_0.full_name,
        u1_0.password,
        u1_0.role 
    from
        users u1_0 
    where
        u1_0.email=?
Hibernate: 
    select
        u1_0.id,
        u1_0.created_at,
        u1_0.email,
        u1_0.full_name,
        u1_0.password,
        u1_0.role 
    from
        users u1_0 
    where
        u1_0.email=?
Hibernate: 
    insert 
    into
        projects
        (created_at, description, project_key, name, updated_at, id) 
    values
        (?, ?, ?, ?, ?, default)
Hibernate: 
    insert 
    into
        tasks
        (assignee_id, created_at, description, due_date, overdue, priority, project_id, reporter_id, status, title, updated_at, id) 
    values
        (?, ?, ?, ?, ?, ?, ?, ?, ?, ?, ?, default)
Hibernate: 
    insert 
    into
        tasks
        (assignee_id, created_at, description, due_date, overdue, priority, project_id, reporter_id, status, title, updated_at, id) 
    values
        (?, ?, ?, ?, ?, ?, ?, ?, ?, ?, ?, default)
Hibernate: 
    select
        t1_0.id,
        t1_0.assignee_id,
        t1_0.created_at,
        t1_0.description,
        t1_0.due_date,
        t1_0.overdue,
        t1_0.priority,
        t1_0.project_id,
        t1_0.reporter_id,
        t1_0.status,
        t1_0.title,
        t1_0.updated_at 
    from
        tasks t1_0 
    where
        t1_0.project_id=? 
        and t1_0.priority=? 
    offset
        ? rows 
    fetch
        first ? rows only
Hibernate: 
    select
        p1_0.id,
        p1_0.created_at,
        p1_0.description,
        p1_0.project_key,
        p1_0.name,
        p1_0.updated_at 
    from
        projects p1_0 
    where
        p1_0.id=?
Hibernate: 
    select
        u1_0.id,
        u1_0.created_at,
        u1_0.email,
        u1_0.full_name,
        u1_0.password,
        u1_0.role 
    from
        users u1_0 
    where
        u1_0.id=?
Hibernate: 
    select
        l1_0.task_id,
        l1_1.id,
        l1_1.color,
        l1_1.name 
    from
        task_labels l1_0 
    join
        labels l1_1 
            on l1_1.id=l1_0.label_id 
    where
        l1_0.task_id=?
Hibernate: 
    select
        c1_0.task_id,
        c1_0.id,
        c1_0.author_id,
        c1_0.body,
        c1_0.created_at 
    from
        comments c1_0 
    where
        c1_0.task_id=?
]]></system-out>
    <system-err><![CDATA[WARNING: A Java agent has been loaded dynamically (C:\Users\hayaa\.m2\repository\net\bytebuddy\byte-buddy-agent\1.14.10\byte-buddy-agent-1.14.10.jar)
WARNING: If a serviceability tool is in use, please run with -XX:+EnableDynamicAgentLoading to hide this warning
WARNING: If a serviceability tool is not in use, please run with -Djdk.instrument.traceUsage for more information
WARNING: Dynamic loading of agents will be disallowed by default in a future release
]]></system-err>
  </testcase>
</testsuite>